<?xml version="1.0" encoding="UTF-8"?>
<coverage generated="1612487043137" clover="3.2.0">
  <project timestamp="1612487043137" name="All files">
    <metrics statements="13" coveredstatements="5" conditionals="2" coveredconditionals="1" methods="5" coveredmethods="2" elements="20" coveredelements="8" complexity="0" loc="13" ncloc="13" packages="1" files="1" classes="1"/>
    <file name="fourSquare.js" path="/mnt/c/Users/Andrew/Dev/Excercises/favourite-places/client/apis/fourSquare.js">
      <metrics statements="13" coveredstatements="5" conditionals="2" coveredconditionals="1" methods="5" coveredmethods="2"/>
      <line num="3" count="1" type="stmt"/>
      <line num="4" count="1" type="cond" truecount="1" falsecount="1"/>
      <line num="5" count="0" type="stmt"/>
      <line num="6" count="0" type="stmt"/>
      <line num="9" count="0" type="stmt"/>
      <line num="10" count="0" type="stmt"/>
      <line num="13" count="0" type="stmt"/>
      <line num="14" count="0" type="stmt"/>
      <line num="17" count="1" type="stmt"/>
      <line num="20" count="0" type="stmt"/>
      <line num="21" count="0" type="stmt"/>
      <line num="24" count="1" type="stmt"/>
      <line num="25" count="1" type="stmt"/>
    </file>
  </project>
</coverage>
