TN:
SF:client/actions/index.js
FN:8,setPlaces
FN:15,fetchFourSquare
FN:16,(anonymous_2)
FN:18,(anonymous_3)
FN:26,setFruits
FN:33,fetchFruits
FN:34,(anonymous_6)
FN:36,(anonymous_7)
FNF:8
FNH:4
FNDA:1,setPlaces
FNDA:1,fetchFourSquare
FNDA:1,(anonymous_2)
FNDA:1,(anonymous_3)
FNDA:0,setFruits
FNDA:0,fetchFruits
FNDA:0,(anonymous_6)
FNDA:0,(anonymous_7)
DA:4,2
DA:5,2
DA:9,1
DA:16,1
DA:17,1
DA:19,1
DA:20,1
DA:27,0
DA:34,0
DA:35,0
DA:37,0
DA:38,0
LF:12
LH:7
BRF:0
BRH:0
end_of_record
TN:
SF:client/apis/fourSquare.js
FN:3,(anonymous_0)
FN:8,(anonymous_1)
FN:12,(anonymous_2)
FN:19,(anonymous_3)
FN:23,(anonymous_4)
FNF:5
FNH:2
FNDA:1,(anonymous_0)
FNDA:0,(anonymous_1)
FNDA:0,(anonymous_2)
FNDA:1,(anonymous_3)
FNDA:0,(anonymous_4)
DA:3,2
DA:4,1
DA:5,0
DA:6,0
DA:9,0
DA:10,0
DA:13,0
DA:14,0
DA:17,1
DA:20,1
DA:21,1
DA:24,0
DA:25,0
LF:13
LH:5
BRDA:4,0,0,0
BRDA:4,0,1,1
BRF:2
BRH:1
end_of_record
TN:
SF:client/apis/fruits.js
FN:5,getFruits
FN:7,(anonymous_1)
FNF:2
FNH:0
FNDA:0,getFruits
FNDA:0,(anonymous_1)
DA:3,2
DA:6,0
DA:8,0
LF:3
LH:1
BRF:0
BRH:0
end_of_record
TN:
SF:client/reducers/fourSquare.js
FN:5,(anonymous_0)
FNF:1
FNH:1
FNDA:2,(anonymous_0)
DA:3,1
DA:5,1
DA:6,2
DA:8,1
DA:10,1
LF:5
LH:5
BRDA:5,0,0,2
BRDA:6,1,0,1
BRDA:6,1,1,1
BRF:3
BRH:3
end_of_record
TN:
SF:server/server.js
FN:15,(anonymous_0)
FN:30,(anonymous_1)
FNF:2
FNH:2
FNDA:1,(anonymous_0)
FNDA:1,(anonymous_1)
DA:1,1
DA:2,1
DA:3,1
DA:4,1
DA:6,1
DA:8,1
DA:10,1
DA:11,1
DA:13,1
DA:15,1
DA:16,1
DA:17,1
DA:18,1
DA:19,1
DA:28,1
DA:31,1
DA:35,1
LF:17
LH:17
BRF:0
BRH:0
end_of_record
TN:
SF:server/db/connection.js
FNF:0
FNH:0
DA:1,1
DA:2,1
DA:3,1
DA:4,1
DA:6,1
LF:5
LH:5
BRDA:3,0,0,1
BRDA:3,0,1,0
BRF:2
BRH:1
end_of_record
TN:
SF:server/db/fruits.js
FN:3,getFruits
FNF:1
FNH:0
FNDA:0,getFruits
DA:1,1
DA:4,0
DA:7,1
LF:3
LH:2
BRDA:3,0,0,0
BRF:1
BRH:0
end_of_record
TN:
SF:server/db/knexfile.js
FNF:0
FNH:0
DA:1,1
DA:3,1
LF:2
LH:2
BRF:0
BRH:0
end_of_record
TN:
SF:server/routes/fruits.js
FN:7,(anonymous_0)
FN:9,(anonymous_1)
FN:10,(anonymous_2)
FN:13,(anonymous_3)
FNF:4
FNH:0
FNDA:0,(anonymous_0)
FNDA:0,(anonymous_1)
FNDA:0,(anonymous_2)
FNDA:0,(anonymous_3)
DA:1,1
DA:3,1
DA:5,1
DA:7,1
DA:8,0
DA:10,0
DA:11,0
DA:14,0
DA:15,0
DA:19,1
LF:10
LH:5
BRF:0
BRH:0
end_of_record
